<INFO> 9-May-2018::17:24:26.063 nso ncs[37]: - Enabling error log
<INFO> 9-May-2018::17:24:26.073 nso ncs[37]: - Writing error log to ./logs/ncserr.log
<INFO> 9-May-2018::17:24:26.128 nso ncs[37]: - Writing daemon log to /Data/workspaces/452/ncs-run/logs/ncs.log
<INFO> 9-May-2018::17:24:26.128 nso ncs[37]: - Writing NETCONF log to /Data/workspaces/452/ncs-run/logs/netconf.log
<INFO> 9-May-2018::17:24:26.129 nso ncs[37]: - Writing SNMP log to /Data/workspaces/452/ncs-run/logs/snmp.log
<INFO> 9-May-2018::17:24:26.129 nso ncs[37]: - Writing audit log to /Data/workspaces/452/ncs-run/logs/audit.log
<INFO> 9-May-2018::17:24:26.129 nso ncs[37]: - Writing developer log to /Data/workspaces/452/ncs-run/logs/devel.log
<INFO> 9-May-2018::17:24:26.129 nso ncs[37]: - Writing XPath trace log to /Data/workspaces/452/ncs-run/logs/xpath.trace
<INFO> 9-May-2018::17:24:26.129 nso ncs[37]: - Daemon logging started
<DEBUG> 9-May-2018::17:24:26.241 nso ncs[37]: - Loading file /home/cisco/ncs452/etc/ncs/ietf-netconf-monitoring.fxs
<DEBUG> 9-May-2018::17:24:26.242 nso ncs[37]: - Loading file /home/cisco/ncs452/etc/ncs/tailf-common-monitoring.fxs
<DEBUG> 9-May-2018::17:24:26.243 nso ncs[37]: - Loading file /home/cisco/ncs452/etc/ncs/tailf-webui.fxs
<DEBUG> 9-May-2018::17:24:26.245 nso ncs[37]: - Loading file /home/cisco/ncs452/etc/ncs/tailf-ncs-ned.fxs
<DEBUG> 9-May-2018::17:24:26.246 nso ncs[37]: - Loading file /home/cisco/ncs452/etc/ncs/ietf-yang-library.fxs
<DEBUG> 9-May-2018::17:24:26.247 nso ncs[37]: - Loading file /home/cisco/ncs452/etc/ncs/snmp/TAILF-ALARM-TC-MIB.fxs
<DEBUG> 9-May-2018::17:24:26.248 nso ncs[37]: - Loading file /home/cisco/ncs452/etc/ncs/snmp/ITU-ALARM-TC-MIB.fxs
<DEBUG> 9-May-2018::17:24:26.248 nso ncs[37]: - Loading file /home/cisco/ncs452/etc/ncs/snmp/IANA-ITU-ALARM-TC-MIB.fxs
<DEBUG> 9-May-2018::17:24:26.249 nso ncs[37]: - Loading file /home/cisco/ncs452/etc/ncs/snmp/SNMPv2-TC.fxs
<DEBUG> 9-May-2018::17:24:26.251 nso ncs[37]: - Loading file /home/cisco/ncs452/etc/ncs/snmp/SNMP-FRAMEWORK-MIB.fxs
<DEBUG> 9-May-2018::17:24:26.252 nso ncs[37]: - Loading file /home/cisco/ncs452/etc/ncs/ietf-netconf-acm.fxs
<DEBUG> 9-May-2018::17:24:26.254 nso ncs[37]: - Loading file /home/cisco/ncs452/etc/ncs/iana-crypt-hash.fxs
<DEBUG> 9-May-2018::17:24:26.255 nso ncs[37]: - Loading file /home/cisco/ncs452/etc/ncs/snmp/SNMP-USER-BASED-SM-MIB.fxs
<DEBUG> 9-May-2018::17:24:26.256 nso ncs[37]: - Loading file /home/cisco/ncs452/etc/ncs/tailf-ncs-monitoring.fxs
<DEBUG> 9-May-2018::17:24:26.259 nso ncs[37]: - Loading file /home/cisco/ncs452/etc/ncs/tailf-kicker.fxs
<DEBUG> 9-May-2018::17:24:26.260 nso ncs[37]: - Loading file /home/cisco/ncs452/etc/ncs/snmp/SNMP-TARGET-MIB.fxs
<DEBUG> 9-May-2018::17:24:26.263 nso ncs[37]: - Loading file /home/cisco/ncs452/etc/ncs/tailf-ncs.fxs
<DEBUG> 9-May-2018::17:24:26.287 nso ncs[37]: - Loading file /home/cisco/ncs452/etc/ncs/ietf-yang-smiv2.fxs
<DEBUG> 9-May-2018::17:24:26.293 nso ncs[37]: - Loading file /home/cisco/ncs452/etc/ncs/ietf-restconf-monitoring.fxs
<DEBUG> 9-May-2018::17:24:26.294 nso ncs[37]: - Loading file /home/cisco/ncs452/etc/ncs/tailf-ncs-netmod-netconf.fxs
<DEBUG> 9-May-2018::17:24:26.295 nso ncs[37]: - Loading file /home/cisco/ncs452/etc/ncs/snmp/snmp.fxs
<DEBUG> 9-May-2018::17:24:26.298 nso ncs[37]: - Loading file /home/cisco/ncs452/etc/ncs/snmp/encryption-usm.fxs
<DEBUG> 9-May-2018::17:24:26.300 nso ncs[37]: - Loading file /home/cisco/ncs452/etc/ncs/tailf-xsd-types.fxs
<DEBUG> 9-May-2018::17:24:26.301 nso ncs[37]: - Loading file /home/cisco/ncs452/etc/ncs/tailf-netconf-monitoring.fxs
<DEBUG> 9-May-2018::17:24:26.303 nso ncs[37]: - Loading file /home/cisco/ncs452/etc/ncs/tailf-configuration-policy.fxs
<DEBUG> 9-May-2018::17:24:26.304 nso ncs[37]: - Loading file /home/cisco/ncs452/etc/ncs/tailf-common.fxs
<DEBUG> 9-May-2018::17:24:26.305 nso ncs[37]: - Loading file /home/cisco/ncs452/etc/ncs/tailf-acm.fxs
<DEBUG> 9-May-2018::17:24:26.307 nso ncs[37]: - Loading file /home/cisco/ncs452/etc/ncs/tailf-webui-one.fxs
<DEBUG> 9-May-2018::17:24:26.308 nso ncs[37]: - Loading file /home/cisco/ncs452/etc/ncs/tailf-rollback.fxs
<DEBUG> 9-May-2018::17:24:26.309 nso ncs[37]: - Loading file /home/cisco/ncs452/etc/ncs/tailf-ncs-webui.fxs
<DEBUG> 9-May-2018::17:24:26.310 nso ncs[37]: - Loading file /home/cisco/ncs452/etc/ncs/snmp/tailf-ncs-snmp.fxs
<DEBUG> 9-May-2018::17:24:26.311 nso ncs[37]: - Loading file /home/cisco/ncs452/etc/ncs/tailf-ncs-scheduler.fxs
<DEBUG> 9-May-2018::17:24:26.313 nso ncs[37]: - Loading file /home/cisco/ncs452/etc/ncs/tailf-ncs-event-forwarding.fxs
<DEBUG> 9-May-2018::17:24:26.314 nso ncs[37]: - Loading file /home/cisco/ncs452/etc/ncs/tailf-ncs-alarms.fxs
<DEBUG> 9-May-2018::17:24:26.318 nso ncs[37]: - Loading file /home/cisco/ncs452/etc/ncs/snmp/TRANSPORT-ADDRESS-MIB.fxs
<DEBUG> 9-May-2018::17:24:26.319 nso ncs[37]: - Loading file /home/cisco/ncs452/etc/ncs/snmp/TAILF-TOP-MIB.fxs
<DEBUG> 9-May-2018::17:24:26.320 nso ncs[37]: - Loading file /home/cisco/ncs452/etc/ncs/snmp/TAILF-ALARM-MIB.fxs
<DEBUG> 9-May-2018::17:24:26.321 nso ncs[37]: - Loading file /home/cisco/ncs452/etc/ncs/snmp/SNMPv2-SMI.fxs
<DEBUG> 9-May-2018::17:24:26.322 nso ncs[37]: - Loading file /home/cisco/ncs452/etc/ncs/snmp/SNMPv2-MIB.fxs
<DEBUG> 9-May-2018::17:24:26.323 nso ncs[37]: - Loading file /home/cisco/ncs452/etc/ncs/snmp/SNMP-VIEW-BASED-ACM-MIB.fxs
<DEBUG> 9-May-2018::17:24:26.325 nso ncs[37]: - Loading file /home/cisco/ncs452/etc/ncs/snmp/SNMP-NOTIFICATION-MIB.fxs
<DEBUG> 9-May-2018::17:24:26.326 nso ncs[37]: - Loading file /home/cisco/ncs452/etc/ncs/snmp/SNMP-MPD-MIB.fxs
<DEBUG> 9-May-2018::17:24:26.327 nso ncs[37]: - Loading file /home/cisco/ncs452/etc/ncs/snmp/SNMP-COMMUNITY-MIB.fxs
<DEBUG> 9-May-2018::17:24:26.328 nso ncs[37]: - Loading file /home/cisco/ncs452/etc/ncs/snmp/IPV6-TC.fxs
<DEBUG> 9-May-2018::17:24:26.329 nso ncs[37]: - Loading file /home/cisco/ncs452/etc/ncs/tailf-common-query.fxs
<DEBUG> 9-May-2018::17:24:26.330 nso ncs[37]: - Loading file /home/cisco/ncs452/etc/ncs/tailf-aaa.fxs
<DEBUG> 9-May-2018::17:24:26.378 nso ncs[37]: - Loading file /home/cisco/ncs452/etc/ncs/ncs.ccl
<DEBUG> 9-May-2018::17:24:26.396 nso ncs[37]: - Loading file /home/cisco/ncs452/etc/ncs/smart-license.ccl
<DEBUG> 9-May-2018::17:24:26.406 nso ncs[37]: - Loading file /home/cisco/ncs452/scripts/command/device_save.sh
<INFO> 9-May-2018::17:24:26.522 nso ncs[37]: - Starting to listen for Internal IPC on 127.0.0.1:4569
<INFO> 9-May-2018::17:24:28.021 nso ncs[37]: - CDB load: processing file: /home/cisco/ncs452/var/ncs/cdb/aaa_init.xml
<INFO> 9-May-2018::17:24:28.083 nso ncs[37]: - CDB load: processing file: /home/cisco/ncs452/var/ncs/cdb/ncs_defaults.xml
<INFO> 9-May-2018::17:24:28.108 nso ncs[37]: - CDB load: processing file: /home/cisco/ncs452/var/ncs/cdb/sls_defaults.xml
<INFO> 9-May-2018::17:24:28.110 nso ncs[37]: - CDB load: processing file: /home/cisco/ncs452/var/ncs/cdb/tailf-ncs-alarms_init.xml
<INFO> 9-May-2018::17:24:28.117 nso ncs[37]: - CDB load: processing file: /home/cisco/ncs452/var/ncs/cdb/tailf-webui-one_init.xml
<INFO> 9-May-2018::17:24:30.069 nso ncs[37]: - Starting the NCS Java VM
<INFO> 9-May-2018::17:24:30.799 nso ncs[37]: - Starting the NCS Java VM
<INFO> 9-May-2018::17:24:31.231 nso ncs[37]: - Starting the NCS Java VM
<DEBUG> 9-May-2018::17:24:32.095 nso ncs[37]: - Loading file /home/cisco/ncs452/etc/ncs/snmp/snmp_init.xml
<INFO> 9-May-2018::17:24:33.885 nso ncs[37]: - Starting to listen for NETCONF SSH on 0.0.0.0:2022
<INFO> 9-May-2018::17:24:34.144 nso ncs[37]: - Starting to listen for WebUI TCP on 0.0.0.0:8080
<DEBUG> 9-May-2018::17:24:34.919 nso ncs[37]: - Loading MIB: /home/cisco/ncs452/lib/ncs/lib/snmp/snmp/priv/mibs/SNMPv2-MIB
<DEBUG> 9-May-2018::17:24:34.921 nso ncs[37]: - Loading MIB: /home/cisco/ncs452/lib/ncs/lib/snmp/snmp/priv/mibs/SNMP-FRAMEWORK-MIB
<DEBUG> 9-May-2018::17:24:34.922 nso ncs[37]: - Loading MIB: /home/cisco/ncs452/lib/ncs/lib/snmp/snmp/priv/mibs/SNMP-MPD-MIB
<INFO> 9-May-2018::17:24:35.134 nso ncs[37]: - Starting to listen for SNMP UDP on 0.0.0.0:4000
<DEBUG> 9-May-2018::17:24:35.163 nso ncs[37]: - Loading MIB: /home/cisco/ncs452/etc/ncs/snmp/IANA-ITU-ALARM-TC-MIB.bin
<DEBUG> 9-May-2018::17:24:35.165 nso ncs[37]: - Loading MIB: /home/cisco/ncs452/etc/ncs/snmp/ITU-ALARM-TC-MIB.bin
<DEBUG> 9-May-2018::17:24:35.175 nso ncs[37]: - Loading MIB: /home/cisco/ncs452/etc/ncs/snmp/TAILF-ALARM-MIB.bin
<DEBUG> 9-May-2018::17:24:35.177 nso ncs[37]: - Loading MIB: /home/cisco/ncs452/etc/ncs/snmp/TAILF-ALARM-TC-MIB.bin
<DEBUG> 9-May-2018::17:24:35.179 nso ncs[37]: - Loading MIB: /home/cisco/ncs452/etc/ncs/snmp/TAILF-TOP-MIB.bin
<DEBUG> 9-May-2018::17:24:35.187 nso ncs[37]: - Loading MIB: /home/cisco/ncs452/lib/ncs/lib/snmp/snmp/priv/mibs/SNMP-COMMUNITY-MIB.bin
<DEBUG> 9-May-2018::17:24:35.190 nso ncs[37]: - Loading MIB: /home/cisco/ncs452/lib/ncs/lib/snmp/snmp/priv/mibs/SNMP-TARGET-MIB.bin
<DEBUG> 9-May-2018::17:24:35.193 nso ncs[37]: - Loading MIB: /home/cisco/ncs452/lib/ncs/lib/snmp/snmp/priv/mibs/SNMP-NOTIFICATION-MIB.bin
<DEBUG> 9-May-2018::17:24:35.195 nso ncs[37]: - Loading MIB: /home/cisco/ncs452/lib/ncs/lib/snmp/snmp/priv/mibs/SNMP-USER-BASED-SM-MIB.bin
<DEBUG> 9-May-2018::17:24:35.198 nso ncs[37]: - Loading MIB: /home/cisco/ncs452/lib/ncs/lib/snmp/snmp/priv/mibs/SNMP-VIEW-BASED-ACM-MIB.bin
<INFO> 9-May-2018::17:24:36.040 nso ncs[37]: - Starting to listen for CLI SSH on 0.0.0.0:2024
<ERR> 9-May-2018::17:25:30.044 nso ncs[37]: - The NCS Java VM timed out - stopping jvm
<INFO> 9-May-2018::17:25:30.751 nso ncs[37]: - NCS started vsn: 4.5.2
<INFO> 9-May-2018::17:25:30.935 nso ncs[37]: - Starting the NCS Smart Licensing Java VM
<INFO> 9-May-2018::17:25:31.438 nso ncs[37]: - The NCS Smart Licensing Java VM terminated
<INFO> 9-May-2018::17:25:31.794 nso ncs[37]: - Starting the NCS Smart Licensing Java VM
<INFO> 9-May-2018::17:25:32.298 nso ncs[37]: - The NCS Smart Licensing Java VM failed starting - needs to be corrected!
